# List of loaded electron processes to BOLSIG+ solver.
# Can be used as references for reaction rates in input kinetics.
C1_CH_Effective_(momentum)
CH->CH
CH->CH^+
C4_CH3_Effective_(momentum)
CH3->CH2H
CH3->CHH2
CH3->CH2H
CH3->CH3^+
CH3->HCH2^+
CH3->H2CH^+
CH3^+->CH3
C12_CH4_Elastic
CH4->CH4(V24)
CH4->CH4(V13)
CH4->CH3H
CH4->CH2H2
CH4->CHH2H
CH4->CH2H2
CH4->CH4^+
CH4->HCH3^+
CH4->H2CH2^+
CH4->H2HCH^+
CH4(V13)->CH4
CH4(V13)->CH3H
CH4(V13)->CH2H2
CH4(V13)->CHH2H
CH4(V13)->CH2H2
CH4(V13)->CH4^+
CH4(V13)->HCH3^+
CH4(V13)->H2CH2^+
CH4(V13)->H2HCH^+
CH4(V24)->CH4
CH4(V24)->CH3H
CH4(V24)->CH2H2
CH4(V24)->CHH2H
CH4(V24)->CH2H2
CH4(V24)->CH4^+
CH4(V24)->HCH3^+
CH4(V24)->H2CH2^+
CH4(V24)->H2HCH^+
CH4^+->CH4
CH4^+->CH4(V24)
CH4^+->CH4(V13)
C44_C2H2_Elastic
C2H2->C2H2(V5)
C2H2->C2H2(V2)
C2H2->C2H2(V13)
C2H2->CHCH
C2H2->C2H2^+
C2H2->CHCH^+
C2H2(V13)->C2H2
C2H2(V13)->CHCH
C2H2(V13)->C2H2^+
C2H2(V13)->CHCH^+
C2H2(V2)->C2H2
C2H2(V2)->CHCH
C2H2(V2)->C2H2^+
C2H2(V2)->CHCH^+
C2H2(V5)->C2H2
C2H2(V5)->CHCH
C2H2(V5)->C2H2^+
C2H2(V5)->CHCH^+
