# List of loaded electron processes to BOLSIG+ solver.
# Can be used as references for reaction rates in input kinetics.
C2H4(V2)->C2H3H
C2H4(V2)->C2H2H2
C2H4(V2)->C2H2HH
C2H4(V2)->CH3CH
C2H4(V2)->CH2CH2
C2H4(V2)->C2H4^+
C2H4(V2)->HC2H3^+
C2H4(V2)->CHCH3^+
C2H4(V2)->CH2CH2^+
C2H4(V2)->CH3CH^+
C2H3->C2H2H
C2H3->CH2CH
C2H3->C2H3^+
C2H3->HC2H2^+
C2H3->CHCH2^+
C2H3->CH2CH^+
C2H3->C2H2H^+
C3H8(V1)->C3H7H
C3H8(V1)->C3H6H2
C3H8(V1)->C3H4H2H2
C3H8(V1)->C2H6CH2
C3H8(V1)->C2H5CH3
C3H8(V1)->C2H4CH4
C3H8(V1)->C3H8^+
C3H8(V1)->HC3H7^+
C3H8(V1)->H2C3H6^+
C3H8(V1)->H2HC3H5^+
C3H8(V1)->H2H2C3H4^+
C3H8(V1)->CH3C2H5^+
C3H8(V1)->CH4C2H4^+
C3H8(V1)->C2H5CH3^+
C3H8(V1)->C2H6CH2^+
C3H4->C2H3CH
C3H4->C2H2CH2
C3H4->C3H4^+
C3H4->CHC2H3^+
C3H4->CH2C2H2^+
C3H4->C2H2CH2^+
C3H4->C2H3CH^+
C40_CH2_Effective_(momentum)
CH2->CHH
CH2->CH2^+
CH2->HCH^+
C2H6(V13)->C2H5H
C2H6(V13)->C2H4H2
C2H6(V13)->C2H3H2H
C2H6(V13)->C2H2H2H2
C2H6(V13)->CH4CH2
C2H6(V13)->CH3CH3
C2H6(V13)->C2H6^+
C2H6(V13)->HC2H5^+
C2H6(V13)->H2C2H4^+
C2H6(V13)->H2HC2H3^+
C2H6(V13)->H2H2C2H2^+
C2H6(V13)->CH3CH3^+
C2H6(V13)->CH4CH2^+
C2H4(V1)->C2H3H
C2H4(V1)->C2H2H2
C2H4(V1)->C2H2HH
C2H4(V1)->CH3CH
C2H4(V1)->CH2CH2
C2H4(V1)->C2H4^+
C2H4(V1)->HC2H3^+
C2H4(V1)->CHCH3^+
C2H4(V1)->CH2CH2^+
C2H4(V1)->CH3CH^+
C67_CH3_Effective_(momentum)
CH3->CH2H
CH3->CHH2
CH3->CH3^+
CH3->HCH2^+
CH3->H2CH^+
C73_C2H6_Elastic
C2H6->C2H6(V24)
C2H6->C2H6(V13)
C2H6->C2H5H
C2H6->C2H4H2
C2H6->C2H3H2H
C2H6->C2H2H2H2
C2H6->CH4CH2
C2H6->CH3CH3
C2H6->C2H6^+
C2H6->HC2H5^+
C2H6->H2C2H4^+
C2H6->H2HC2H3^+
C2H6->H2H2C2H2^+
C2H6->CH3CH3^+
C2H6->CH4CH2^+
C89_C3H8_Effective_(momentum)
C3H8->C3H8(V1)
C3H8->C3H8(V2)
C3H8->C3H7H
C3H8->C3H6H2
C3H8->C3H4H2H2
C3H8->C2H6CH2
C3H8->C2H5CH3
C3H8->C2H4CH4
C3H8->C3H8^+
C3H8->HC3H7^+
C3H8->H2C3H6^+
C3H8->H2HC3H5^+
C3H8->H2H2C3H4^+
C3H8->CH3C2H5^+
C3H8->CH4C2H4^+
C3H8->C2H5CH3^+
C3H8->C2H6CH2^+
C3H5->C3H4H
C3H5->C2H2CH3
C3H5->C3H5^+
C3H5->HC3H4^+
C3H5->CHC2H4^+
C3H5->CH2C2H3^+
C3H5->CH3C2H2^+
C3H5->C2H2CH3^+
C3H5->C2H3CH2^+
C3H5->C2H4CH^+
C3H8(V2)->C3H7H
C3H8(V2)->C3H6H2
C3H8(V2)->C3H4H2H2
C3H8(V2)->C2H6CH2
C3H8(V2)->C2H5CH3
C3H8(V2)->C2H4CH4
C3H8(V2)->C3H8^+
C3H8(V2)->HC3H7^+
C3H8(V2)->H2C3H6^+
C3H8(V2)->H2HC3H5^+
C3H8(V2)->H2H2C3H4^+
C3H8(V2)->CH3C2H5^+
C3H8(V2)->CH4C2H4^+
C3H8(V2)->C2H5CH3^+
C3H8(V2)->C2H6CH2^+
C2H2(V5)->CHCH
C2H2(V5)->C2H2^+
C2H2(V5)->CHCH^+
C3H7->C3H6H
C3H7->C3H5H2
C3H7->C3H4H2H
C3H7->C2H4CH3
C3H7->C2H3CH4
C3H7->C3H7^+
C3H7->HC3H6^+
C3H7->H2C3H5^+
C3H7->H2HC3H4^+
C3H7->CH2C2H5^+
C3H7->CH3C2H4^+
C3H7->CH4C2H3^+
C3H7->C2H3CH4^+
C3H7->C2H4CH3^+
C3H7->C2H5CH2^+
C3H7->C2H6CH^+
C2H5->C2H4H
C2H5->C2H3H2
C2H5->C2H3HH
C2H5->C2H2H2H
C2H5->CH4CH
C2H5->CH3CH2
C2H5->C2H5^+
C2H5->HC2H4^+
C2H5->H2C2H3^+
C2H5->H2HC2H2^+
C2H5->CH2CH3^+
C2H5->CH3CH2^+
C2H5->CH4CH^+
C164_CH_Effective_(momentum)
CH->CH^+
C2H2(V13)->CHCH
C2H2(V13)->C2H2^+
C2H2(V13)->CHCH^+
C169_C3H6_Elastic
C3H6->C3H6(V)
C3H6->C3H5H
C3H6->C3H4H2
C3H6->C2H4CH2
C3H6->C2H3CH3
C3H6->C2H2CH4
C3H6->C3H6^+
C3H6->HC3H5^+
C3H6->H2C3H4^+
C3H6->CHC2H5^+
C3H6->CH2C2H4^+
C3H6->CH3C2H3^+
C3H6->CH4C2H2^+
C3H6->C2H2CH4^+
C3H6->C2H3CH3^+
C3H6->C2H4CH2^+
C3H6->C2H5CH^+
C187_C2H2_Elastic
C2H2->C2H2(V5)
C2H2->C2H2(V2)
C2H2->C2H2(V13)
C2H2->CHCH
C2H2->C2H2^+
C2H2->CHCH^+
C194_H2_Elastic
H2->HH
H2->H2^+
C2H6(V24)->C2H5H
C2H6(V24)->C2H4H2
C2H6(V24)->C2H3H2H
C2H6(V24)->C2H2H2H2
C2H6(V24)->CH4CH2
C2H6(V24)->CH3CH3
C2H6(V24)->C2H6^+
C2H6(V24)->HC2H5^+
C2H6(V24)->H2C2H4^+
C2H6(V24)->H2HC2H3^+
C2H6(V24)->H2H2C2H2^+
C2H6(V24)->CH3CH3^+
C2H6(V24)->CH4CH2^+
C2H2(V2)->CHCH
C2H2(V2)->C2H2^+
C2H2(V2)->CHCH^+
CH4(V13)->CH3H
CH4(V13)->CH2H2
CH4(V13)->CHH2H
CH4(V13)->CH4^+
CH4(V13)->HCH3^+
CH4(V13)->H2CH2^+
CH4(V13)->H2HCH^+
CH4(V24)->CH3H
CH4(V24)->CH2H2
CH4(V24)->CHH2H
CH4(V24)->CH4^+
CH4(V24)->HCH3^+
CH4(V24)->H2CH2^+
CH4(V24)->H2HCH^+
C227_CH4_Elastic
CH4->CH4(V24)
CH4->CH4(V13)
CH4->CH3H
CH4->CH2H2
CH4->CHH2H
CH4->CH4^+
CH4->HCH3^+
CH4->H2CH2^+
CH4->H2HCH^+
C237_C2H4_Elastic
C2H4->C2H4(V1)
C2H4->C2H4(V2)
C2H4->C2H3H
C2H4->C2H2H2
C2H4->C2H2HH
C2H4->CH3CH
C2H4->CH2CH2
C2H4->C2H4^+
C2H4->HC2H3^+
C2H4->CHCH3^+
C2H4->CH2CH2^+
C2H4->CH3CH^+
